<?xml version="1.0" encoding="UTF-8"?>
<testng-results skipped="0" failed="0" ignored="2" total="3" passed="1">
  <reporter-output>
  </reporter-output>
  <suite name="Suite" duration-ms="89" started-at="2020-07-05T19:40:21 IST" finished-at="2020-07-05T19:40:21 IST">
    <groups>
    </groups>
    <test name="Test" duration-ms="89" started-at="2020-07-05T19:40:21 IST" finished-at="2020-07-05T19:40:21 IST">
      <class name="com.ParticularTestCase">
        <test-method status="PASS" signature="addLocationTestCase()[pri:0, instance:com.ParticularTestCase@335eadca]" name="addLocationTestCase" duration-ms="15" started-at="2020-07-05T19:40:21 IST" finished-at="2020-07-05T19:40:21 IST">
          <reporter-output>
          </reporter-output>
        </test-method> <!-- addLocationTestCase -->
      </class> <!-- com.ParticularTestCase -->
    </test> <!-- Test -->
  </suite> <!-- Suite -->
</testng-results>
