<?xml version="1.0" encoding="UTF-8"?>
<!-- Generated by org.testng.reporters.JUnitXMLReporter -->
<testsuite hostname="juliet-PC" ignored="1" name="Grouping in TestNG" tests="2" failures="0" timestamp="2020-07-03T03:12:41 IST" time="0.18" errors="0">
  <testcase name="test1" time="0.021" classname="com.GroupingInTestNG"/>
  <testcase name="test2" time="0.008" classname="com.GroupingInTestNG"/>
  <testcase name="test3" time="0.0" classname="com.GroupingInTestNG">
    <ignored/>
  </testcase> <!-- test3 -->
</testsuite> <!-- Grouping in TestNG -->
