<?xml version="1.0" encoding="UTF-8"?>
<!-- Generated by org.testng.reporters.JUnitXMLReporter -->
<testsuite hostname="juliet-PC" ignored="2" name="Test" tests="1" failures="0" timestamp="2020-07-05T19:40:21 IST" time="0.089" errors="0">
  <testcase name="addLocationTestCase" time="0.015" classname="com.ParticularTestCase"/>
  <testcase name="addDepartmentTestCase" time="0.0" classname="com.ParticularTestCase">
    <ignored/>
  </testcase> <!-- addDepartmentTestCase -->
  <testcase name="addEmployeeTestCase" time="0.0" classname="com.ParticularTestCase">
    <ignored/>
  </testcase> <!-- addEmployeeTestCase -->
</testsuite> <!-- Test -->
